<?xml version="1.0" encoding="UTF-8"?>
<testng-results ignored="0" total="1" passed="1" failed="0" skipped="0">
  <reporter-output>
  </reporter-output>
  <suite started-at="2022-05-20T14:28:02 NPT" name="Default suite" finished-at="2022-05-20T14:29:39 NPT" duration-ms="97385">
    <groups>
    </groups>
    <test started-at="2022-05-20T14:28:02 NPT" name="Default test" finished-at="2022-05-20T14:29:39 NPT" duration-ms="97385">
      <class name="com.example.MyconnectUAT.RegisterWithoutVoucherCodeYearly">
        <test-method is-config="true" signature="setUp()[pri:0, instance:com.example.MyconnectUAT.RegisterWithoutVoucherCodeYearly@306e95ec]" started-at="2022-05-20T14:28:02 NPT" name="setUp" finished-at="2022-05-20T14:28:08 NPT" duration-ms="6259" status="PASS">
          <reporter-output>
          </reporter-output>
        </test-method> <!-- setUp -->
        <test-method signature="initialize()[pri:0, instance:com.example.MyconnectUAT.RegisterWithoutVoucherCodeYearly@306e95ec]" started-at="2022-05-20T14:28:08 NPT" name="initialize" finished-at="2022-05-20T14:29:35 NPT" duration-ms="86599" status="PASS">
          <reporter-output>
          </reporter-output>
        </test-method> <!-- initialize -->
        <test-method is-config="true" signature="closebrowser()[pri:0, instance:com.example.MyconnectUAT.RegisterWithoutVoucherCodeYearly@306e95ec]" started-at="2022-05-20T14:29:35 NPT" name="closebrowser" finished-at="2022-05-20T14:29:39 NPT" duration-ms="4394" status="PASS">
          <reporter-output>
          </reporter-output>
        </test-method> <!-- closebrowser -->
      </class> <!-- com.example.MyconnectUAT.RegisterWithoutVoucherCodeYearly -->
    </test> <!-- Default test -->
  </suite> <!-- Default suite -->
</testng-results>
