<?xml version="1.0" encoding="UTF-8"?>
<testng-results ignored="0" total="1" passed="1" failed="0" skipped="0">
  <reporter-output>
  </reporter-output>
  <suite started-at="2022-05-17T14:14:07 NPT" name="Default suite" finished-at="2022-05-17T14:14:39 NPT" duration-ms="31912">
    <groups>
    </groups>
    <test started-at="2022-05-17T14:14:07 NPT" name="Default test" finished-at="2022-05-17T14:14:39 NPT" duration-ms="31912">
      <class name="com.example.MyconnectUAT.LoginOnNoMembershipChargeLearnerTestCase">
        <test-method signature="testLoginOnNoMembershipChargeLearnerTestCase()[pri:0, instance:com.example.MyconnectUAT.LoginOnNoMembershipChargeLearnerTestCase@1e04fa0a]" started-at="2022-05-17T14:14:08 NPT" name="testLoginOnNoMembershipChargeLearnerTestCase" finished-at="2022-05-17T14:14:39 NPT" duration-ms="31767" status="PASS">
          <reporter-output>
          </reporter-output>
        </test-method> <!-- testLoginOnNoMembershipChargeLearnerTestCase -->
      </class> <!-- com.example.MyconnectUAT.LoginOnNoMembershipChargeLearnerTestCase -->
    </test> <!-- Default test -->
  </suite> <!-- Default suite -->
</testng-results>
